<?xml version="1.0" encoding="UTF-8"?>
<!-- Generated by org.testng.reporters.JUnitReportReporter -->
<testsuite hostname="Muna-Jebril" failures="0" tests="1" name="MyTestcases" time="1.638" errors="0" timestamp="2024-07-15T20:18:14 EET" skipped="0">
  <testcase classname="MyTestcases" name="Login" time="1.638"/>
  <system-out/>
</testsuite> <!-- MyTestcases -->
